<?xml version="1.0" encoding="UTF-8"?>
<!-- Generated by org.testng.reporters.JUnitXMLReporter -->
<testsuite ignored="0" hostname="LAPTOP-0NLNP5JB" failures="0" tests="3" name="Default test" time="9.09" errors="0" timestamp="2026-03-24T17:31:25 IST">
  <testcase classname="com.automation.pages.InventoryTest" name="verifyAddToCart" time="0.126"/>
  <testcase classname="com.automation.pages.InventoryTest" name="verifyInventoryPageTitle" time="0.125"/>
  <testcase classname="com.automation.pages.InventoryTest" name="verifyProductCount" time="0.043"/>
</testsuite> <!-- Default test -->
