<?xml version="1.0" encoding="UTF-8"?>
<testng-results ignored="0" total="2" passed="2" failed="0" skipped="0">
  <reporter-output>
  </reporter-output>
  <suite started-at="2026-03-24T17:14:56 IST" name="Default suite" finished-at="2026-03-24T17:15:03 IST" duration-ms="7077">
    <groups>
    </groups>
    <test started-at="2026-03-24T17:14:56 IST" name="Default test" finished-at="2026-03-24T17:15:03 IST" duration-ms="7077">
      <class name="com.automation.pages.LoginTest">
        <test-method is-config="true" signature="setUp()[pri:0, instance:com.automation.pages.LoginTest@15bb5034]" started-at="2026-03-24T17:14:56 IST" name="setUp" finished-at="2026-03-24T17:15:01 IST" duration-ms="4180" status="PASS">
          <reporter-output>
          </reporter-output>
        </test-method> <!-- setUp -->
        <test-method signature="invalidLoginTest()[pri:0, instance:com.automation.pages.LoginTest@15bb5034]" started-at="2026-03-24T17:15:01 IST" name="invalidLoginTest" finished-at="2026-03-24T17:15:01 IST" duration-ms="421" status="PASS">
          <reporter-output>
          </reporter-output>
        </test-method> <!-- invalidLoginTest -->
        <test-method is-config="true" signature="tearDown()[pri:0, instance:com.automation.pages.LoginTest@15bb5034]" started-at="2026-03-24T17:15:01 IST" name="tearDown" finished-at="2026-03-24T17:15:01 IST" duration-ms="230" status="PASS">
          <reporter-output>
          </reporter-output>
        </test-method> <!-- tearDown -->
        <test-method is-config="true" signature="setUp()[pri:0, instance:com.automation.pages.LoginTest@15bb5034]" started-at="2026-03-24T17:15:01 IST" name="setUp" finished-at="2026-03-24T17:15:03 IST" duration-ms="1529" status="PASS">
          <reporter-output>
          </reporter-output>
        </test-method> <!-- setUp -->
        <test-method signature="validLoginTest()[pri:0, instance:com.automation.pages.LoginTest@15bb5034]" started-at="2026-03-24T17:15:03 IST" name="validLoginTest" finished-at="2026-03-24T17:15:03 IST" duration-ms="398" status="PASS">
          <reporter-output>
          </reporter-output>
        </test-method> <!-- validLoginTest -->
        <test-method is-config="true" signature="tearDown()[pri:0, instance:com.automation.pages.LoginTest@15bb5034]" started-at="2026-03-24T17:15:03 IST" name="tearDown" finished-at="2026-03-24T17:15:03 IST" duration-ms="250" status="PASS">
          <reporter-output>
          </reporter-output>
        </test-method> <!-- tearDown -->
      </class> <!-- com.automation.pages.LoginTest -->
    </test> <!-- Default test -->
  </suite> <!-- Default suite -->
</testng-results>
