<?xml version="1.0" encoding="UTF-8"?>
<testng-results ignored="0" total="2" passed="2" failed="0" skipped="0">
  <reporter-output>
  </reporter-output>
  <suite started-at="2026-03-24T13:40:18 IST" name="Default suite" finished-at="2026-03-24T13:40:27 IST" duration-ms="8586">
    <groups>
    </groups>
    <test started-at="2026-03-24T13:40:18 IST" name="Default test" finished-at="2026-03-24T13:40:27 IST" duration-ms="8586">
      <class name="com.automation.tests.LoginTest">
        <test-method is-config="true" signature="setUp()[pri:0, instance:com.automation.tests.LoginTest@15bb5034]" started-at="2026-03-24T13:40:19 IST" name="setUp" finished-at="2026-03-24T13:40:25 IST" duration-ms="6011" status="PASS">
          <reporter-output>
          </reporter-output>
        </test-method> <!-- setUp -->
        <test-method signature="invalidLoginTest()[pri:0, instance:com.automation.tests.LoginTest@15bb5034]" started-at="2026-03-24T13:40:25 IST" name="invalidLoginTest" finished-at="2026-03-24T13:40:25 IST" duration-ms="336" status="PASS">
          <reporter-output>
          </reporter-output>
        </test-method> <!-- invalidLoginTest -->
        <test-method is-config="true" signature="tearDown()[pri:0, instance:com.automation.tests.LoginTest@15bb5034]" started-at="2026-03-24T13:40:25 IST" name="tearDown" finished-at="2026-03-24T13:40:25 IST" duration-ms="222" status="PASS">
          <reporter-output>
          </reporter-output>
        </test-method> <!-- tearDown -->
        <test-method is-config="true" signature="setUp()[pri:0, instance:com.automation.tests.LoginTest@15bb5034]" started-at="2026-03-24T13:40:25 IST" name="setUp" finished-at="2026-03-24T13:40:26 IST" duration-ms="1338" status="PASS">
          <reporter-output>
          </reporter-output>
        </test-method> <!-- setUp -->
        <test-method signature="validLoginTest()[pri:0, instance:com.automation.tests.LoginTest@15bb5034]" started-at="2026-03-24T13:40:26 IST" name="validLoginTest" finished-at="2026-03-24T13:40:27 IST" duration-ms="409" status="PASS">
          <reporter-output>
          </reporter-output>
        </test-method> <!-- validLoginTest -->
        <test-method is-config="true" signature="tearDown()[pri:0, instance:com.automation.tests.LoginTest@15bb5034]" started-at="2026-03-24T13:40:27 IST" name="tearDown" finished-at="2026-03-24T13:40:27 IST" duration-ms="211" status="PASS">
          <reporter-output>
          </reporter-output>
        </test-method> <!-- tearDown -->
      </class> <!-- com.automation.tests.LoginTest -->
    </test> <!-- Default test -->
  </suite> <!-- Default suite -->
</testng-results>
