<?xml version="1.0" encoding="UTF-8"?>
<!-- Generated by org.testng.reporters.JUnitReportReporter -->
<testsuite hostname="LAPTOP-0NLNP5JB" failures="0" tests="2" name="com.automation.pages.LoginTest" time="11.347" errors="0" timestamp="2026-03-25T12:18:40 IST" skipped="0">
  <testcase classname="com.automation.pages.LoginTest" name="invalidLoginTest" time="9.114"/>
  <testcase classname="com.automation.pages.LoginTest" name="validLoginTest" time="2.233"/>
</testsuite> <!-- com.automation.pages.LoginTest -->
