<?xml version="1.0" encoding="UTF-8"?>
<!-- Generated by org.testng.reporters.JUnitReportReporter -->
<testsuite hostname="LAPTOP-0NLNP5JB" failures="0" tests="2" name="com.automation.pages.LoginTest" time="7.008" errors="0" timestamp="2026-03-24T17:15:04 IST" skipped="0">
  <testcase classname="com.automation.pages.LoginTest" name="validLoginTest" time="4.808"/>
  <testcase classname="com.automation.pages.LoginTest" name="invalidLoginTest" time="2.200"/>
</testsuite> <!-- com.automation.pages.LoginTest -->
