<?xml version="1.0" encoding="UTF-8"?>
<!-- Generated by org.testng.reporters.JUnitReportReporter -->
<testsuite hostname="LAPTOP-0NLNP5JB" failures="0" tests="2" name="com.automation.tests.LoginTest" time="8.527" errors="0" timestamp="2026-03-24T13:40:27 IST" skipped="0">
  <testcase classname="com.automation.tests.LoginTest" name="invalidLoginTest" time="6.569"/>
  <testcase classname="com.automation.tests.LoginTest" name="validLoginTest" time="1.958"/>
</testsuite> <!-- com.automation.tests.LoginTest -->
